[1;32m[INFO][0m --- Collecting Deployment Parameters ---
[1;32m[INFO][0m ✅ SSH key permissions set to 600
[1;32m[INFO][0m ✅ All parameters validated successfully
[1;32m[INFO][0m Cloning repository: devops-intern-app
[1;32m[INFO][0m Repository exists. Pulling latest changes...
[1;32m[INFO][0m ✅ Repository cloned and verified
[1;32m[INFO][0m Connecting to remote server at 56.228.26.123...
[1;32m[INFO][0m Updating and installing Docker, Docker Compose, and Nginx (Idempotent)...
[1;32m[INFO][0m ✅ Remote environment prepared (Docker, Compose, Nginx running).
[1;32m[INFO][0m Transferring project files to remote host...
[1;32m[INFO][0m Syncing files with rsync...
[1;32m[INFO][0m Verifying file transfer...
[1;32m[INFO][0m ✅ Files transferred and verified
[1;32m[INFO][0m Building, running, and configuring Nginx on remote server...
[1;32m[INFO][0m ✅ Deployment completed successfully on remote server!
[1;32m[INFO][0m Testing deployment from local machine...
[1;32m[INFO][0m ✅ Remote access test passed (200 OK).
[1;32m[INFO][0m ==========================================
[1;32m[INFO][0m 🎉 Deployment Complete!
[1;32m[INFO][0m 🌐 Visit: http://56.228.26.123 to view your app
[1;32m[INFO][0m 📋 Log file: deploy_20251021_114915.log
[1;32m[INFO][0m ==========================================
